<?xml version="1.0" encoding="UTF-8"?>
<!-- Generated by org.testng.reporters.JUnitReportReporter -->
<testsuite hostname="DESKTOP-RATK9UP" failures="0" tests="1" name="testLayer.Demoblaze_Home" time="65.117" errors="0" timestamp="2022-02-02T22:37:36 EST" skipped="0">
  <testcase classname="testLayer.Demoblaze_Home" name="Laptops" time="65.117"/>
  <system-out/>
</testsuite> <!-- testLayer.Demoblaze_Home -->
